

> @thefarmersfront/kpds-react@0.0.30 build /Users/gtg671l9r2/Documents/my/kurly-monorepo/packages/react
> vite build

[36mvite v5.4.10 [32mbuilding for production...[36m[39m
[96msrc/components/Accordion/index.tsx[0m:[93m2[0m:[93m33[0m - [91merror[0m[90m TS2307: [0mCannot find module '@thefarmersfront/kpds-css' or its corresponding type declarations.

[7m2[0m import { AccordionStyles } from '@thefarmersfront/kpds-css';
[7m [0m [91m                                ~~~~~~~~~~~~~~~~~~~~~~~~~~~[0m
[96msrc/components/Box/index.tsx[0m:[93m2[0m:[93m29[0m - [91merror[0m[90m TS2307: [0mCannot find module '@thefarmersfront/kpds-css' or its corresponding type declarations.

[7m2[0m import { boxVariants } from '@thefarmersfront/kpds-css';
[7m [0m [91m                            ~~~~~~~~~~~~~~~~~~~~~~~~~~~[0m
[96msrc/components/Button/index.tsx[0m:[93m2[0m:[93m48[0m - [91merror[0m[90m TS2307: [0mCannot find module '@thefarmersfront/kpds-css' or its corresponding type declarations.

[7m2[0m import { buttonVariants, ButtonVariants } from '@thefarmersfront/kpds-css';
[7m [0m [91m                                               ~~~~~~~~~~~~~~~~~~~~~~~~~~~[0m
[96msrc/components/Checkbox/index.tsx[0m:[93m3[0m:[93m30[0m - [91merror[0m[90m TS2307: [0mCannot find module '@thefarmersfront/kpds-css' or its corresponding type declarations.

[7m3[0m import { TextVariants } from '@thefarmersfront/kpds-css';
[7m [0m [91m                             ~~~~~~~~~~~~~~~~~~~~~~~~~~~[0m
[96msrc/components/Icon/index.tsx[0m:[93m1[0m:[93m28[0m - [91merror[0m[90m TS2307: [0mCannot find module '@thefarmersfront/kpds-css' or its corresponding type declarations.

[7m1[0m import { IconStyles } from '@thefarmersfront/kpds-css';
[7m [0m [91m                           ~~~~~~~~~~~~~~~~~~~~~~~~~~~[0m
[96msrc/components/IconButton/index.tsx[0m:[93m2[0m:[93m62[0m - [91merror[0m[90m TS2307: [0mCannot find module '@thefarmersfront/kpds-css' or its corresponding type declarations.

[7m2[0m import { iconButtonVariants, IconButtonVariants, vars } from '@thefarmersfront/kpds-css';
[7m [0m [91m                                                             ~~~~~~~~~~~~~~~~~~~~~~~~~~~[0m
[96msrc/components/PageControls/index.tsx[0m:[93m2[0m:[93m36[0m - [91merror[0m[90m TS2307: [0mCannot find module '@thefarmersfront/kpds-css' or its corresponding type declarations.

[7m2[0m import { PageControlsStyles } from '@thefarmersfront/kpds-css';
[7m [0m [91m                                   ~~~~~~~~~~~~~~~~~~~~~~~~~~~[0m
[96msrc/components/Radio/index.tsx[0m:[93m3[0m:[93m30[0m - [91merror[0m[90m TS2307: [0mCannot find module '@thefarmersfront/kpds-css' or its corresponding type declarations.

[7m3[0m import { TextVariants } from '@thefarmersfront/kpds-css';
[7m [0m [91m                             ~~~~~~~~~~~~~~~~~~~~~~~~~~~[0m
[96msrc/components/Text/index.tsx[0m:[93m2[0m:[93m44[0m - [91merror[0m[90m TS2307: [0mCannot find module '@thefarmersfront/kpds-css' or its corresponding type declarations.

[7m2[0m import { textVariants, TextVariants } from '@thefarmersfront/kpds-css';
[7m [0m [91m                                           ~~~~~~~~~~~~~~~~~~~~~~~~~~~[0m
[96msrc/components/TextButton/index.tsx[0m:[93m2[0m:[93m56[0m - [91merror[0m[90m TS2307: [0mCannot find module '@thefarmersfront/kpds-css' or its corresponding type declarations.

[7m2[0m import { textButtonVariants, TextButtonVariants } from '@thefarmersfront/kpds-css';
[7m [0m [91m                                                       ~~~~~~~~~~~~~~~~~~~~~~~~~~~[0m
[96msrc/components/ThemeProvider/index.tsx[0m:[93m2[0m:[93m22[0m - [91merror[0m[90m TS2307: [0mCannot find module '@thefarmersfront/kpds-css' or its corresponding type declarations.

[7m2[0m import { vars } from '@thefarmersfront/kpds-css';
[7m [0m [91m                     ~~~~~~~~~~~~~~~~~~~~~~~~~~~[0m
[96msrc/components/ToggleSwitch/index.tsx[0m:[93m2[0m:[93m43[0m - [91merror[0m[90m TS2307: [0mCannot find module '@thefarmersfront/kpds-css' or its corresponding type declarations.

[7m2[0m import { ToggleSwitchStyles, Utils } from '@thefarmersfront/kpds-css';
[7m [0m [91m                                          ~~~~~~~~~~~~~~~~~~~~~~~~~~~[0m
[96msrc/components/Typography/index.tsx[0m:[93m1[0m:[93m30[0m - [91merror[0m[90m TS2307: [0mCannot find module '@thefarmersfront/kpds-css' or its corresponding type declarations.

[7m1[0m import { TextVariants } from '@thefarmersfront/kpds-css';
[7m [0m [91m                             ~~~~~~~~~~~~~~~~~~~~~~~~~~~[0m
[96msrc/internal/AccordionBase/index.tsx[0m:[93m2[0m:[93m37[0m - [91merror[0m[90m TS2307: [0mCannot find module '@thefarmersfront/kpds-css' or its corresponding type declarations.

[7m2[0m import { AccordionBaseStyles } from '@thefarmersfront/kpds-css';
[7m [0m [91m                                    ~~~~~~~~~~~~~~~~~~~~~~~~~~~[0m
[96msrc/internal/AlertBase/component/AlertBase.tsx[0m:[93m1[0m:[93m33[0m - [91merror[0m[90m TS2307: [0mCannot find module '@thefarmersfront/kpds-css' or its corresponding type declarations.

[7m1[0m import { AlertBaseStyles } from '@thefarmersfront/kpds-css';
[7m [0m [91m                                ~~~~~~~~~~~~~~~~~~~~~~~~~~~[0m
[96msrc/internal/AlertBase/component/AlertBaseButtons.tsx[0m:[93m3[0m:[93m29[0m - [91merror[0m[90m TS2307: [0mCannot find module '@thefarmersfront/kpds-css' or its corresponding type declarations.

[7m3[0m import { AlertStyles } from '@thefarmersfront/kpds-css';
[7m [0m [91m                            ~~~~~~~~~~~~~~~~~~~~~~~~~~~[0m
[96msrc/internal/AlertBase/component/AlertBaseContents.tsx[0m:[93m4[0m:[93m33[0m - [91merror[0m[90m TS2307: [0mCannot find module '@thefarmersfront/kpds-css' or its corresponding type declarations.

[7m4[0m import { AlertBaseStyles } from '@thefarmersfront/kpds-css';
[7m [0m [91m                                ~~~~~~~~~~~~~~~~~~~~~~~~~~~[0m
[96msrc/internal/AlertBase/component/AlertBaseTitle.tsx[0m:[93m3[0m:[93m33[0m - [91merror[0m[90m TS2307: [0mCannot find module '@thefarmersfront/kpds-css' or its corresponding type declarations.

[7m3[0m import { AlertBaseStyles } from '@thefarmersfront/kpds-css';
[7m [0m [91m                                ~~~~~~~~~~~~~~~~~~~~~~~~~~~[0m
[96msrc/internal/AlertBaseLegacy/index.tsx[0m:[93m4[0m:[93m35[0m - [91merror[0m[90m TS2307: [0mCannot find module '@thefarmersfront/kpds-css' or its corresponding type declarations.

[7m4[0m import { AlertStyles, vars } from '@thefarmersfront/kpds-css';
[7m [0m [91m                                  ~~~~~~~~~~~~~~~~~~~~~~~~~~~[0m
[96msrc/internal/CheckboxBase/index.tsx[0m:[93m3[0m:[93m46[0m - [91merror[0m[90m TS2307: [0mCannot find module '@thefarmersfront/kpds-css' or its corresponding type declarations.

[7m3[0m import { CheckboxStyles, TextVariants } from '@thefarmersfront/kpds-css';
[7m [0m [91m                                             ~~~~~~~~~~~~~~~~~~~~~~~~~~~[0m
[96msrc/internal/CustomDialogBase/component/index.tsx[0m:[93m1[0m:[93m33[0m - [91merror[0m[90m TS2307: [0mCannot find module '@thefarmersfront/kpds-css' or its corresponding type declarations.

[7m1[0m import { AlertBaseStyles } from '@thefarmersfront/kpds-css';
[7m [0m [91m                                ~~~~~~~~~~~~~~~~~~~~~~~~~~~[0m
[96msrc/internal/DialogPCBase/component/DialogPCBase.tsx[0m:[93m1[0m:[93m36[0m - [91merror[0m[90m TS2307: [0mCannot find module '@thefarmersfront/kpds-css' or its corresponding type declarations.

[7m1[0m import { DialogPCBaseStyles } from '@thefarmersfront/kpds-css';
[7m [0m [91m                                   ~~~~~~~~~~~~~~~~~~~~~~~~~~~[0m
[96msrc/internal/DialogPCBase/component/DialogPCBaseContents.tsx[0m:[93m1[0m:[93m36[0m - [91merror[0m[90m TS2307: [0mCannot find module '@thefarmersfront/kpds-css' or its corresponding type declarations.

[7m1[0m import { DialogPCBaseStyles } from '@thefarmersfront/kpds-css';
[7m [0m [91m                                   ~~~~~~~~~~~~~~~~~~~~~~~~~~~[0m
[96msrc/internal/DialogPCBase/component/DialogPCBaseHeader.tsx[0m:[93m1[0m:[93m36[0m - [91merror[0m[90m TS2307: [0mCannot find module '@thefarmersfront/kpds-css' or its corresponding type declarations.

[7m1[0m import { DialogPCBaseStyles } from '@thefarmersfront/kpds-css';
[7m [0m [91m                                   ~~~~~~~~~~~~~~~~~~~~~~~~~~~[0m
[96msrc/internal/RadioBase/index.tsx[0m:[93m2[0m:[93m43[0m - [91merror[0m[90m TS2307: [0mCannot find module '@thefarmersfront/kpds-css' or its corresponding type declarations.

[7m2[0m import { RadioStyles, TextVariants } from '@thefarmersfront/kpds-css';
[7m [0m [91m                                          ~~~~~~~~~~~~~~~~~~~~~~~~~~~[0m
[96msrc/internal/SnackbarBase/component/SnackbarBase.tsx[0m:[93m1[0m:[93m36[0m - [91merror[0m[90m TS2307: [0mCannot find module '@thefarmersfront/kpds-css' or its corresponding type declarations.

[7m1[0m import { SnackbarBaseStyles } from '@thefarmersfront/kpds-css';
[7m [0m [91m                                   ~~~~~~~~~~~~~~~~~~~~~~~~~~~[0m
[96msrc/internal/SnackbarBase/component/SnackbarBaseButton.tsx[0m:[93m1[0m:[93m36[0m - [91merror[0m[90m TS2307: [0mCannot find module '@thefarmersfront/kpds-css' or its corresponding type declarations.

[7m1[0m import { SnackbarBaseStyles } from '@thefarmersfront/kpds-css';
[7m [0m [91m                                   ~~~~~~~~~~~~~~~~~~~~~~~~~~~[0m
[96msrc/internal/SnackbarBase/component/SnackbarBaseContent.tsx[0m:[93m1[0m:[93m36[0m - [91merror[0m[90m TS2307: [0mCannot find module '@thefarmersfront/kpds-css' or its corresponding type declarations.

[7m1[0m import { SnackbarBaseStyles } from '@thefarmersfront/kpds-css';
[7m [0m [91m                                   ~~~~~~~~~~~~~~~~~~~~~~~~~~~[0m
[96msrc/internal/TextFieldBase/components/TextFieldAddedText.tsx[0m:[93m2[0m:[93m33[0m - [91merror[0m[90m TS2307: [0mCannot find module '@thefarmersfront/kpds-css' or its corresponding type declarations.

[7m2[0m import { TextFieldStyles } from '@thefarmersfront/kpds-css';
[7m [0m [91m                                ~~~~~~~~~~~~~~~~~~~~~~~~~~~[0m
[96msrc/internal/TextFieldBase/components/TextFieldBase.tsx[0m:[93m14[0m:[93m33[0m - [91merror[0m[90m TS2307: [0mCannot find module '@thefarmersfront/kpds-css' or its corresponding type declarations.

[7m14[0m import { TextFieldStyles } from '@thefarmersfront/kpds-css';
[7m  [0m [91m                                ~~~~~~~~~~~~~~~~~~~~~~~~~~~[0m
[96msrc/internal/TextFieldBase/components/TextFieldBase.tsx[0m:[93m21[0m:[93m49[0m - [91merror[0m[90m TS2307: [0mCannot find module '@thefarmersfront/kpds-css/src/components/textfield.css' or its corresponding type declarations.

[7m21[0m import { textFieldInputMaxLengthVariants } from '@thefarmersfront/kpds-css/src/components/textfield.css';
[7m  [0m [91m                                                ~~~~~~~~~~~~~~~~~~~~~~~~~~~~~~~~~~~~~~~~~~~~~~~~~~~~~~~~[0m

[2K[1Gtransforming (1) [2msrc/index.ts[22m[2K[1Gtransforming (49) [2msrc/internal/Icons/Basket.tsx[22m[2K[1G[2K[1G[2K[1G[2K[1G[32m✓[39m 117 modules transformed.
[2K[1Grendering chunks (1)...[2K[1G[32m
[36m[vite:dts][32m Start generate declaration files...[39m
[2K[1Gcomputing gzip size (0)...[2K[1Gcomputing gzip size (1)...[2K[1G[2mdist/[22m[36mindex.cjs  [39m[1m[2m235.48 kB[22m[1m[22m[2m │ gzip: 54.18 kB[22m
[32m[36m[vite:dts][32m Declaration files built in 1739ms.
[39m
[2K[1Grendering chunks (1)...[2K[1G[2K[1Gcomputing gzip size (1)...[2K[1G[2mdist/[22m[36mindex.js  [39m[1m[2m294.90 kB[22m[1m[22m[2m │ gzip: 59.53 kB[22m
[32m✓ built in 2.04s[39m
